[ 2023-08-05 00:25:30,816] 24 root - INFO - initiated data ingestion
[ 2023-08-05 00:25:30,816] 35 root - INFO - downloading data
[ 2023-08-05 00:25:32,255] 42 root - INFO - downloded data completed with Server: GitHub.com
Date: Fri, 04 Aug 2023 23:25:42 GMT
Content-Type: text/html; charset=utf-8
Vary: X-PJAX, X-PJAX-Container, Turbo-Visit, Turbo-Frame, Accept-Encoding, Accept, X-Requested-With
ETag: W/"f053a4a74b0ea2a0f2dc12653130db4a"
Cache-Control: max-age=0, private, must-revalidate
Strict-Transport-Security: max-age=31536000; includeSubdomains; preload
X-Frame-Options: deny
X-Content-Type-Options: nosniff
X-XSS-Protection: 0
Referrer-Policy: no-referrer-when-downgrade
Content-Security-Policy: default-src 'none'; base-uri 'self'; child-src github.com/assets-cdn/worker/ gist.github.com/assets-cdn/worker/; connect-src 'self' uploads.github.com objects-origin.githubusercontent.com www.githubstatus.com collector.github.com raw.githubusercontent.com api.github.com github-cloud.s3.amazonaws.com github-production-repository-file-5c1aeb.s3.amazonaws.com github-production-upload-manifest-file-7fdce7.s3.amazonaws.com github-production-user-asset-6210df.s3.amazonaws.com cdn.optimizely.com logx.optimizely.com/v1/events *.actions.githubusercontent.com productionresultssa0.blob.core.windows.net/ productionresultssa1.blob.core.windows.net/ productionresultssa2.blob.core.windows.net/ productionresultssa3.blob.core.windows.net/ productionresultssa4.blob.core.windows.net/ wss://*.actions.githubusercontent.com github-production-repository-image-32fea6.s3.amazonaws.com github-production-release-asset-2e65be.s3.amazonaws.com insights.github.com wss://alive.github.com; font-src github.githubassets.com; form-action 'self' github.com gist.github.com objects-origin.githubusercontent.com; frame-ancestors 'none'; frame-src viewscreen.githubusercontent.com notebooks.githubusercontent.com; img-src 'self' data: github.githubassets.com media.githubusercontent.com camo.githubusercontent.com identicons.github.com avatars.githubusercontent.com github-cloud.s3.amazonaws.com objects.githubusercontent.com objects-origin.githubusercontent.com secured-user-images.githubusercontent.com/ user-images.githubusercontent.com/ private-user-images.githubusercontent.com opengraph.githubassets.com github-production-user-asset-6210df.s3.amazonaws.com customer-stories-feed.github.com spotlights-feed.github.com *.githubusercontent.com; manifest-src 'self'; media-src github.com user-images.githubusercontent.com/ secured-user-images.githubusercontent.com/ private-user-images.githubusercontent.com; script-src github.githubassets.com; style-src 'unsafe-inline' github.githubassets.com; upgrade-insecure-requests; worker-src github.com/assets-cdn/worker/ gist.github.com/assets-cdn/worker/
Set-Cookie: _gh_sess=RJXOk2pPqzniwUvkwvI9IkWSHqWAAZfnPzLLsqYbxbbghMpv9Uzu7ltG%2BNNPTfmx%2B6kAdKbQgcynpL0KUBE7heLTXagPhkZ0vl%2F7KTtByJOuKKKFrs0r46ZEzPjkeRr%2BRov%2FB%2Fzj7yAWKNcxUrA8SGx0BlJq2iIAy5vprD0QcggY0Cf0aQSkJIDb9LAYB6pgid9EgTpTcyx0d8zV9CUrmQAQxdyvGn9QZvTYV%2FJmbheSvcMFpBcKwNJJTh%2FYRSG98B6fDzx2Khrg7ezBJrDIQQ%3D%3D--YI%2B7jDRpgi%2BngzfF--ggii7lvlafFx0TKvqffPhA%3D%3D; Path=/; HttpOnly; Secure; SameSite=Lax
Set-Cookie: _octo=GH1.1.501002990.1691191542; Path=/; Domain=github.com; Expires=Sun, 04 Aug 2024 23:25:42 GMT; Secure; SameSite=Lax
Set-Cookie: logged_in=no; Path=/; Domain=github.com; Expires=Sun, 04 Aug 2024 23:25:42 GMT; HttpOnly; Secure; SameSite=Lax
Accept-Ranges: bytes
Transfer-Encoding: chunked
X-GitHub-Request-Id: 5311:1145:2D9B37D:2E3BE8F:64CD88F6
connection: close


